<?xml version="1.0" encoding="UTF-8"?>
<beans xmlns="http://www.springframework.org/schema/beans"
	xmlns:xsi="http://www.w3.org/2001/XMLSchema-instance" xmlns:mvc="http://www.springframework.org/schema/mvc"
	xmlns:context="http://www.springframework.org/schema/context" xmlns:tx="http://www.springframework.org/schema/tx"
	xsi:schemaLocation="http://www.springframework.org/schema/beans http://www.springframework.org/schema/beans/spring-beans-3.0.xsd
		http://www.springframework.org/schema/mvc http://www.springframework.org/schema/mvc/spring-mvc-3.0.xsd	
		http://www.springframework.org/schema/context http://www.springframework.org/schema/context/spring-context-3.0.xsd
		http://www.springframework.org/schema/tx http://www.springframework.org/schema/tx/spring-tx.xsd"
	default-autowire="byName">

	<!-- Scans within the base package of the application for @Components to 
		configure as beans -->
	<import resource="test-db.xml" />

	<tx:annotation-driven />
	<context:component-scan base-package="fi.helsinki.cs" />	
        <bean id="mailSender" class="org.springframework.mail.javamail.JavaMailSenderImpl">
            <property name="host" value="smtp.helsinki.fi"/>
            <property name="port" value="587"/>
            <property name="username" value="tjniemis"/>
            <property name="password" value="IndianaJ0nes"/>
            <property name="javaMailProperties">
                <props>
                    <!-- Use SMTP transport protocol -->
                    <prop key="mail.transport.protocol">smtp</prop>
                    <!-- Use SMTP-AUTH to authenticate to SMTP server -->
                    <prop key="mail.smtp.auth">true</prop>
                    <!-- Use TLS to encrypt communication with SMTP server -->
                    <prop key="mail.smtp.starttls.enable">true</prop>
                    <prop key="mail.debug">true</prop>
                </props>
            </property>
        </bean>
        <bean id="passwordEncoder" class="org.springframework.security.authentication.encoding.ShaPasswordEncoder"  />
</beans>
